2016-04-28 20:17:54,246 [INFO] from play.core.server.NettyServer in play-fork-run-akka.actor.default-dispatcher-4 - Listening for HTTP on /0:0:0:0:0:0:0:0:9000
2016-04-28 20:18:16,571 [INFO] from application in ForkJoinPool-1-worker-1 - Creating Pool for datasource 'default'
2016-04-28 20:18:17,251 [INFO] from play.api.db.HikariCPConnectionPool in ForkJoinPool-1-worker-1 - datasource [default] bound to JNDI as DefaultDS
2016-04-28 20:18:17,254 [INFO] from play.api.db.DefaultDBApi in ForkJoinPool-1-worker-1 - Database [default] connected at jdbc:h2:mem:play
2016-04-28 20:18:19,641 [INFO] from play.api.Play in ForkJoinPool-1-worker-1 - Application started (Dev)
2016-04-28 20:18:22,674 [WARN] from play.core.server.netty.NettyModelConversion in application-akka.actor.default-dispatcher-4 - Content-Type set both in header (text/css; charset=utf-8) and attached to entity (text/css; charset=utf-8), ignoring content type from entity. To remove this warning, use Result.as(...) to set the content type, rather than setting the header manually.
2016-04-28 20:18:22,674 [WARN] from play.core.server.netty.NettyModelConversion in application-akka.actor.default-dispatcher-2 - Content-Type set both in header (application/javascript; charset=utf-8) and attached to entity (application/javascript; charset=utf-8), ignoring content type from entity. To remove this warning, use Result.as(...) to set the content type, rather than setting the header manually.
2016-04-28 20:18:22,679 [WARN] from play.core.server.netty.NettyModelConversion in application-akka.actor.default-dispatcher-5 - Content-Type set both in header (image/png) and attached to entity (image/png), ignoring content type from entity. To remove this warning, use Result.as(...) to set the content type, rather than setting the header manually.
2016-04-28 20:18:22,858 [WARN] from play.core.server.netty.NettyModelConversion in application-akka.actor.default-dispatcher-7 - Content-Type set both in header (image/jpeg) and attached to entity (image/jpeg), ignoring content type from entity. To remove this warning, use Result.as(...) to set the content type, rather than setting the header manually.
2016-04-28 20:18:22,882 [WARN] from play.core.server.netty.NettyModelConversion in application-akka.actor.default-dispatcher-2 - Content-Type set both in header (image/jpeg) and attached to entity (image/jpeg), ignoring content type from entity. To remove this warning, use Result.as(...) to set the content type, rather than setting the header manually.
2016-04-28 20:18:22,886 [WARN] from play.core.server.netty.NettyModelConversion in application-akka.actor.default-dispatcher-5 - Content-Type set both in header (image/jpeg) and attached to entity (image/jpeg), ignoring content type from entity. To remove this warning, use Result.as(...) to set the content type, rather than setting the header manually.
2016-04-28 20:18:22,898 [WARN] from play.core.server.netty.NettyModelConversion in application-akka.actor.default-dispatcher-6 - Content-Type set both in header (image/jpeg) and attached to entity (image/jpeg), ignoring content type from entity. To remove this warning, use Result.as(...) to set the content type, rather than setting the header manually.
2016-04-28 20:18:22,911 [WARN] from play.core.server.netty.NettyModelConversion in application-akka.actor.default-dispatcher-4 - Content-Type set both in header (image/jpeg) and attached to entity (image/jpeg), ignoring content type from entity. To remove this warning, use Result.as(...) to set the content type, rather than setting the header manually.
2016-04-28 20:18:22,919 [WARN] from play.core.server.netty.NettyModelConversion in application-akka.actor.default-dispatcher-3 - Content-Type set both in header (image/jpeg) and attached to entity (image/jpeg), ignoring content type from entity. To remove this warning, use Result.as(...) to set the content type, rather than setting the header manually.
2016-04-28 20:18:23,027 [WARN] from play.core.server.netty.NettyModelConversion in application-akka.actor.default-dispatcher-3 - Content-Type set both in header (image/jpeg) and attached to entity (image/jpeg), ignoring content type from entity. To remove this warning, use Result.as(...) to set the content type, rather than setting the header manually.
2016-04-28 20:18:23,111 [WARN] from play.core.server.netty.NettyModelConversion in application-akka.actor.default-dispatcher-3 - Content-Type set both in header (image/png) and attached to entity (image/png), ignoring content type from entity. To remove this warning, use Result.as(...) to set the content type, rather than setting the header manually.
2016-04-28 20:18:23,125 [WARN] from play.core.server.netty.NettyModelConversion in application-akka.actor.default-dispatcher-4 - Content-Type set both in header (image/jpeg) and attached to entity (image/jpeg), ignoring content type from entity. To remove this warning, use Result.as(...) to set the content type, rather than setting the header manually.
2016-04-28 20:18:23,135 [WARN] from play.core.server.netty.NettyModelConversion in application-akka.actor.default-dispatcher-6 - Content-Type set both in header (image/png) and attached to entity (image/png), ignoring content type from entity. To remove this warning, use Result.as(...) to set the content type, rather than setting the header manually.
2016-04-28 20:18:23,144 [WARN] from play.core.server.netty.NettyModelConversion in application-akka.actor.default-dispatcher-2 - Content-Type set both in header (image/png) and attached to entity (image/png), ignoring content type from entity. To remove this warning, use Result.as(...) to set the content type, rather than setting the header manually.
2016-04-28 20:18:23,155 [WARN] from play.core.server.netty.NettyModelConversion in application-akka.actor.default-dispatcher-5 - Content-Type set both in header (image/png) and attached to entity (image/png), ignoring content type from entity. To remove this warning, use Result.as(...) to set the content type, rather than setting the header manually.
2016-04-28 20:18:49,793 [ERROR] from application in netty-event-loop-6 - 

! @7006em76k - Internal server error, for (GET) [/] ->
 
play.forkrun.protocol.Serializers$playExceptionPickler$$anon$1: Compilation error[type Applicadidhihtion is not a member of package controllers]
	at play.forkrun.protocol.Serializers$playExceptionPickler$.unpickle(Serializers.scala:159)
	at play.forkrun.protocol.Serializers$PlayRunsupportReloaderCompileFailureUnpickler$macro$56$2$.unpickle(Serializers.scala:175)
	at play.forkrun.protocol.Serializers$PlayRunsupportReloaderCompileResultUnpickler$macro$66$2$.unpickle(Serializers.scala:181)
	at scala.pickling.Unpickler$class.unpickleEntry(Pickler.scala:79)
	at play.forkrun.protocol.Serializers$PlayRunsupportReloaderCompileResultUnpickler$macro$66$2$.unpickleEntry(Serializers.scala:181)
	at scala.pickling.functions$.unpickle(functions.scala:11)
	at sbt.serialization.JsonValue$$anonfun$parse$1.apply(SerializedValue.scala:104)
	at scala.util.Try$.apply(Try.scala:192)
	at sbt.serialization.JsonValue.parse(SerializedValue.scala:104)
	at sbt.protocol.BuildValue.value(Values.scala:11)
	at sbt.protocol.TaskSuccess.resultWithCustomThrowable(Values.scala:65)
	at sbt.protocol.TaskResult$class.result(Values.scala:56)
	at sbt.protocol.TaskSuccess.result(Values.scala:62)
	at play.forkrun.ForkRun$$anonfun$reloading$1.applyOrElse(ForkRun.scala:198)
	at akka.actor.Actor$class.aroundReceive(Actor.scala:465)
	at play.forkrun.ForkRun.aroundReceive(ForkRun.scala:153)
	at akka.actor.ActorCell.receiveMessage(ActorCell.scala:516)
	at akka.actor.ActorCell.invoke(ActorCell.scala:487)
	at akka.dispatch.Mailbox.processMailbox(Mailbox.scala:254)
	at akka.dispatch.Mailbox.run(Mailbox.scala:221)
	at akka.dispatch.Mailbox.exec(Mailbox.scala:231)
	at scala.concurrent.forkjoin.ForkJoinTask.doExec(ForkJoinTask.java:260)
	at scala.concurrent.forkjoin.ForkJoinPool$WorkQueue.pollAndExecAll(ForkJoinPool.java:1253)
	at scala.concurrent.forkjoin.ForkJoinPool$WorkQueue.runTask(ForkJoinPool.java:1346)
	at scala.concurrent.forkjoin.ForkJoinPool.runWorker(ForkJoinPool.java:1979)
	at scala.concurrent.forkjoin.ForkJoinWorkerThread.run(ForkJoinWorkerThread.java:107)
2016-04-28 20:24:17,864 [INFO] from application in application-akka.actor.default-dispatcher-7 - Shutting down connection pool.
2016-04-28 20:24:18,103 [INFO] from application in application-akka.actor.default-dispatcher-7 - Creating Pool for datasource 'default'
2016-04-28 20:24:18,107 [INFO] from play.api.db.HikariCPConnectionPool in application-akka.actor.default-dispatcher-7 - datasource [default] bound to JNDI as DefaultDS
2016-04-28 20:24:18,108 [INFO] from play.api.db.DefaultDBApi in application-akka.actor.default-dispatcher-7 - Database [default] connected at jdbc:h2:mem:play
2016-04-28 20:24:18,198 [INFO] from play.api.Play in application-akka.actor.default-dispatcher-7 - Application started (Dev)
2016-04-28 20:24:24,790 [INFO] from application in play-fork-run-akka.actor.default-dispatcher-12 - Shutting down connection pool.
